<?xml version="1.0" encoding="UTF-8"?>
<!-- Generated by org.testng.reporters.JUnitReportReporter -->
<testsuite hostname="DESKTOP-URT2H8E" failures="0" tests="1" name="com.rest.TestRest" time="3.294" errors="0" timestamp="2024-07-17T17:54:32 IST" skipped="0">
  <testcase classname="com.rest.TestRest" name="to_multiple_header" time="3.294"/>
  <system-out/>
</testsuite> <!-- com.rest.TestRest -->
